[2013-12-28T23:08:26+00:00] Titon\Mvc\Exception\MissingModuleException: Could not locate css module [E:\Wamp\www\titon.io\vendor\titon\mvc\src\Titon\Mvc\Application.php:200] [/en/css/debug.css]
#0 E:\Wamp\www\titon.io\vendor\titon\mvc\src\Titon\Mvc\Dispatcher\AbstractDispatcher.php(97): Titon\Mvc\Application->getModule('css')
#1 E:\Wamp\www\titon.io\vendor\titon\mvc\src\Titon\Mvc\Dispatcher\AbstractDispatcher.php(74): Titon\Mvc\Dispatcher\AbstractDispatcher->getModule()
#2 E:\Wamp\www\titon.io\vendor\titon\mvc\src\Titon\Mvc\Dispatcher\FrontDispatcher.php(27): Titon\Mvc\Dispatcher\AbstractDispatcher->getController()
#3 E:\Wamp\www\titon.io\vendor\titon\mvc\src\Titon\Mvc\Application.php(352): Titon\Mvc\Dispatcher\FrontDispatcher->dispatch()
#4 E:\Wamp\www\titon.io\index.php(77): Titon\Mvc\Application->run('E:\Wamp\www\tit...', Object(Titon\Http\Request), Object(Titon\Http\Response))
#5 E:\Wamp\www\titon.io\web\index.php(13): require_once('E:\Wamp\www\tit...')
#6 {main}
[2013-12-29T04:18:03+00:00] Titon\Mvc\Exception\MissingControllerException: Controller docs does not exist [E:\Wamp\www\titon.io\vendor\titon\mvc\src\Titon\Mvc\Module\AbstractModule.php:98] [/en/framework/css/vendors/font-awesome.css]
#0 E:\Wamp\www\titon.io\vendor\titon\mvc\src\Titon\Mvc\Dispatcher\AbstractDispatcher.php(75): Titon\Mvc\Module\AbstractModule->getController('docs')
#1 E:\Wamp\www\titon.io\vendor\titon\mvc\src\Titon\Mvc\Dispatcher\FrontDispatcher.php(27): Titon\Mvc\Dispatcher\AbstractDispatcher->getController()
#2 E:\Wamp\www\titon.io\vendor\titon\mvc\src\Titon\Mvc\Application.php(352): Titon\Mvc\Dispatcher\FrontDispatcher->dispatch()
#3 E:\Wamp\www\titon.io\index.php(77): Titon\Mvc\Application->run('E:\Wamp\www\tit...', Object(Titon\Http\Request), Object(Titon\Http\Response))
#4 E:\Wamp\www\titon.io\web\index.php(13): require_once('E:\Wamp\www\tit...')
#5 {main}
[2013-12-29T04:18:03+00:00] Titon\Mvc\Exception\MissingControllerException: Controller docs does not exist [E:\Wamp\www\titon.io\vendor\titon\mvc\src\Titon\Mvc\Module\AbstractModule.php:98] [/en/framework/css/style.css]
#0 E:\Wamp\www\titon.io\vendor\titon\mvc\src\Titon\Mvc\Dispatcher\AbstractDispatcher.php(75): Titon\Mvc\Module\AbstractModule->getController('docs')
#1 E:\Wamp\www\titon.io\vendor\titon\mvc\src\Titon\Mvc\Dispatcher\FrontDispatcher.php(27): Titon\Mvc\Dispatcher\AbstractDispatcher->getController()
#2 E:\Wamp\www\titon.io\vendor\titon\mvc\src\Titon\Mvc\Application.php(352): Titon\Mvc\Dispatcher\FrontDispatcher->dispatch()
#3 E:\Wamp\www\titon.io\index.php(77): Titon\Mvc\Application->run('E:\Wamp\www\tit...', Object(Titon\Http\Request), Object(Titon\Http\Response))
#4 E:\Wamp\www\titon.io\web\index.php(13): require_once('E:\Wamp\www\tit...')
#5 {main}
[2013-12-29T04:18:03+00:00] Titon\Mvc\Exception\MissingControllerException: Controller docs does not exist [E:\Wamp\www\titon.io\vendor\titon\mvc\src\Titon\Mvc\Module\AbstractModule.php:98] [/en/framework/js/vendors/titon.min.js]
#0 E:\Wamp\www\titon.io\vendor\titon\mvc\src\Titon\Mvc\Dispatcher\AbstractDispatcher.php(75): Titon\Mvc\Module\AbstractModule->getController('docs')
#1 E:\Wamp\www\titon.io\vendor\titon\mvc\src\Titon\Mvc\Dispatcher\FrontDispatcher.php(27): Titon\Mvc\Dispatcher\AbstractDispatcher->getController()
#2 E:\Wamp\www\titon.io\vendor\titon\mvc\src\Titon\Mvc\Application.php(352): Titon\Mvc\Dispatcher\FrontDispatcher->dispatch()
#3 E:\Wamp\www\titon.io\index.php(77): Titon\Mvc\Application->run('E:\Wamp\www\tit...', Object(Titon\Http\Request), Object(Titon\Http\Response))
#4 E:\Wamp\www\titon.io\web\index.php(13): require_once('E:\Wamp\www\tit...')
#5 {main}
[2013-12-29T04:18:03+00:00] Titon\Mvc\Exception\MissingControllerException: Controller docs does not exist [E:\Wamp\www\titon.io\vendor\titon\mvc\src\Titon\Mvc\Module\AbstractModule.php:98] [/en/framework/css/debug.css]
#0 E:\Wamp\www\titon.io\vendor\titon\mvc\src\Titon\Mvc\Dispatcher\AbstractDispatcher.php(75): Titon\Mvc\Module\AbstractModule->getController('docs')
#1 E:\Wamp\www\titon.io\vendor\titon\mvc\src\Titon\Mvc\Dispatcher\FrontDispatcher.php(27): Titon\Mvc\Dispatcher\AbstractDispatcher->getController()
#2 E:\Wamp\www\titon.io\vendor\titon\mvc\src\Titon\Mvc\Application.php(352): Titon\Mvc\Dispatcher\FrontDispatcher->dispatch()
#3 E:\Wamp\www\titon.io\index.php(77): Titon\Mvc\Application->run('E:\Wamp\www\tit...', Object(Titon\Http\Request), Object(Titon\Http\Response))
#4 E:\Wamp\www\titon.io\web\index.php(13): require_once('E:\Wamp\www\tit...')
#5 {main}
[2013-12-29T04:18:03+00:00] Titon\Mvc\Exception\MissingControllerException: Controller docs does not exist [E:\Wamp\www\titon.io\vendor\titon\mvc\src\Titon\Mvc\Module\AbstractModule.php:98] [/en/framework/js/script.js]
#0 E:\Wamp\www\titon.io\vendor\titon\mvc\src\Titon\Mvc\Dispatcher\AbstractDispatcher.php(75): Titon\Mvc\Module\AbstractModule->getController('docs')
#1 E:\Wamp\www\titon.io\vendor\titon\mvc\src\Titon\Mvc\Dispatcher\FrontDispatcher.php(27): Titon\Mvc\Dispatcher\AbstractDispatcher->getController()
#2 E:\Wamp\www\titon.io\vendor\titon\mvc\src\Titon\Mvc\Application.php(352): Titon\Mvc\Dispatcher\FrontDispatcher->dispatch()
#3 E:\Wamp\www\titon.io\index.php(77): Titon\Mvc\Application->run('E:\Wamp\www\tit...', Object(Titon\Http\Request), Object(Titon\Http\Response))
#4 E:\Wamp\www\titon.io\web\index.php(13): require_once('E:\Wamp\www\tit...')
#5 {main}
[2013-12-29T04:18:19+00:00] Titon\Mvc\Exception\MissingModuleException: Could not locate css module [E:\Wamp\www\titon.io\vendor\titon\mvc\src\Titon\Mvc\Application.php:200] [/en/css/debug.css]
#0 E:\Wamp\www\titon.io\vendor\titon\mvc\src\Titon\Mvc\Dispatcher\AbstractDispatcher.php(97): Titon\Mvc\Application->getModule('css')
#1 E:\Wamp\www\titon.io\vendor\titon\mvc\src\Titon\Mvc\Dispatcher\AbstractDispatcher.php(74): Titon\Mvc\Dispatcher\AbstractDispatcher->getModule()
#2 E:\Wamp\www\titon.io\vendor\titon\mvc\src\Titon\Mvc\Dispatcher\FrontDispatcher.php(27): Titon\Mvc\Dispatcher\AbstractDispatcher->getController()
#3 E:\Wamp\www\titon.io\vendor\titon\mvc\src\Titon\Mvc\Application.php(352): Titon\Mvc\Dispatcher\FrontDispatcher->dispatch()
#4 E:\Wamp\www\titon.io\index.php(77): Titon\Mvc\Application->run('E:\Wamp\www\tit...', Object(Titon\Http\Request), Object(Titon\Http\Response))
#5 E:\Wamp\www\titon.io\web\index.php(13): require_once('E:\Wamp\www\tit...')
#6 {main}
